<?xml version="1.0" encoding="UTF-8"?>
<!-- Generated by org.testng.reporters.JUnitReportReporter -->
<testsuite hostname="DESKTOP-LJUP405" failures="0" tests="1" name="testCases.Scroll" time="71.303" errors="0" timestamp="2025-02-25T15:18:30 IST" skipped="0">
  <testcase classname="testCases.Scroll" name="testscroll" time="71.303"/>
</testsuite> <!-- testCases.Scroll -->
