<?xml version="1.0" encoding="UTF-8"?>
<!-- Generated by org.testng.reporters.JUnitReportReporter -->
<testsuite hostname="DESKTOP-LJUP405" failures="0" tests="1" name="AppTest.PhoneDialerTest" time="5.073" errors="0" timestamp="2025-02-13T17:49:25 IST" skipped="0">
  <testcase classname="AppTest.PhoneDialerTest" name="test" time="5.073"/>
</testsuite> <!-- AppTest.PhoneDialerTest -->
