<?xml version="1.0" encoding="UTF-8"?>
<!-- Generated by org.testng.reporters.JUnitReportReporter -->
<testsuite hostname="DESKTOP-LJUP405" failures="0" tests="1" name="AppTest.RealDeviceTest" time="40.817" errors="0" timestamp="2025-02-21T19:00:28 IST" skipped="0">
  <testcase classname="AppTest.RealDeviceTest" name="test" time="40.817"/>
</testsuite> <!-- AppTest.RealDeviceTest -->
